Using pre-set license
Built from '2021.3/staging' branch; Version is '2021.3.13f1 (9e7d58001ecf) revision 10386776'; Using compiler version '192829333'; Build Type 'Release'
OS: 'Windows 10  (10.0.19045) 64bit Professional' Language: 'en' Physical Memory: 32687 MB
BatchMode: 1, IsHumanControllingUs: 0, StartBugReporterOnCrash: 0, Is64bit: 1, IsPro: 1

COMMAND LINE ARGUMENTS:
C:\Program Files\Unity\Hub\Editor\2021.3.13f1\Editor\Unity.exe
-adb2
-batchMode
-noUpm
-name
AssetImportWorker9
-projectPath
C:/Users/arvau/Desktop/Prometheus Project/Prometheus_Project
-logFile
Logs/AssetImportWorker9.log
-srvPort
62018
Successfully changed project path to: C:/Users/arvau/Desktop/Prometheus Project/Prometheus_Project
C:/Users/arvau/Desktop/Prometheus Project/Prometheus_Project
[UnityMemory] Configuration Parameters - Can be set up in boot.config
    "memorysetup-bucket-allocator-granularity=16"
    "memorysetup-bucket-allocator-bucket-count=8"
    "memorysetup-bucket-allocator-block-size=33554432"
    "memorysetup-bucket-allocator-block-count=8"
    "memorysetup-main-allocator-block-size=16777216"
    "memorysetup-thread-allocator-block-size=16777216"
    "memorysetup-gfx-main-allocator-block-size=16777216"
    "memorysetup-gfx-thread-allocator-block-size=16777216"
    "memorysetup-cache-allocator-block-size=4194304"
    "memorysetup-typetree-allocator-block-size=2097152"
    "memorysetup-profiler-bucket-allocator-granularity=16"
    "memorysetup-profiler-bucket-allocator-bucket-count=8"
    "memorysetup-profiler-bucket-allocator-block-size=33554432"
    "memorysetup-profiler-bucket-allocator-block-count=8"
    "memorysetup-profiler-allocator-block-size=16777216"
    "memorysetup-profiler-editor-allocator-block-size=1048576"
    "memorysetup-temp-allocator-size-main=16777216"
    "memorysetup-job-temp-allocator-block-size=2097152"
    "memorysetup-job-temp-allocator-block-size-background=1048576"
    "memorysetup-job-temp-allocator-reduction-small-platforms=262144"
    "memorysetup-temp-allocator-size-background-worker=32768"
    "memorysetup-temp-allocator-size-job-worker=262144"
    "memorysetup-temp-allocator-size-preload-manager=33554432"
    "memorysetup-temp-allocator-size-nav-mesh-worker=65536"
    "memorysetup-temp-allocator-size-audio-worker=65536"
    "memorysetup-temp-allocator-size-cloud-worker=32768"
    "memorysetup-temp-allocator-size-gi-baking-worker=262144"
    "memorysetup-temp-allocator-size-gfx=262144"
Refreshing native plugins compatible for Editor in 96.19 ms, found 3 plugins.
Preloading 0 native plugins for Editor in 0.00 ms.
Initialize engine version: 2021.3.13f1 (9e7d58001ecf)
[Subsystems] Discovering subsystems at path C:/Program Files/Unity/Hub/Editor/2021.3.13f1/Editor/Data/Resources/UnitySubsystems
[Subsystems] Discovering subsystems at path C:/Users/arvau/Desktop/Prometheus Project/Prometheus_Project/Assets
GfxDevice: creating device client; threaded=0; jobified=0
Direct3D:
    Version:  Direct3D 11.0 [level 11.1]
    Renderer: AMD Radeon RX 5700 XT (ID=0x731f)
    Vendor:   ATI
    VRAM:     8151 MB
    Driver:   31.0.14037.1007
Initialize mono
Mono path[0] = 'C:/Program Files/Unity/Hub/Editor/2021.3.13f1/Editor/Data/Managed'
Mono path[1] = 'C:/Program Files/Unity/Hub/Editor/2021.3.13f1/Editor/Data/MonoBleedingEdge/lib/mono/unityjit-win32'
Mono config path = 'C:/Program Files/Unity/Hub/Editor/2021.3.13f1/Editor/Data/MonoBleedingEdge/etc'
Using monoOptions --debugger-agent=transport=dt_socket,embedding=1,server=y,suspend=n,address=127.0.0.1:56920
Begin MonoManager ReloadAssembly
Registering precompiled unity dll's ...
Register platform support module: C:/Program Files/Unity/Hub/Editor/2021.3.13f1/Editor/Data/PlaybackEngines/AndroidPlayer/UnityEditor.Android.Extensions.dll
Register platform support module: C:/Program Files/Unity/Hub/Editor/2021.3.13f1/Editor/Data/PlaybackEngines/WindowsStandaloneSupport/UnityEditor.WindowsStandalone.Extensions.dll
Registered in 0.019644 seconds.
Native extension for WindowsStandalone target not found
Native extension for Android target not found
Refreshing native plugins compatible for Editor in 92.86 ms, found 3 plugins.
Preloading 0 native plugins for Editor in 0.00 ms.
Mono: successfully reloaded assembly
- Completed reload, in  0.765 seconds
Domain Reload Profiling:
	ReloadAssembly (766ms)
		BeginReloadAssembly (84ms)
			ExecutionOrderSort (0ms)
			DisableScriptedObjects (0ms)
			BackupInstance (0ms)
			ReleaseScriptingObjects (0ms)
			CreateAndSetChildDomain (1ms)
		EndReloadAssembly (544ms)
			LoadAssemblies (80ms)
			RebuildTransferFunctionScriptingTraits (0ms)
			SetupTypeCache (114ms)
			ReleaseScriptCaches (0ms)
			RebuildScriptCaches (29ms)
			SetupLoadedEditorAssemblies (338ms)
				LogAssemblyErrors (0ms)
				InitializePlatformSupportModulesInManaged (68ms)
				SetLoadedEditorAssemblies (0ms)
				RefreshPlugins (93ms)
				BeforeProcessingInitializeOnLoad (1ms)
				ProcessInitializeOnLoadAttributes (112ms)
				ProcessInitializeOnLoadMethodAttributes (64ms)
				AfterProcessingInitializeOnLoad (0ms)
				EditorAssembliesLoaded (0ms)
			ExecutionOrderSort2 (0ms)
			AwakeInstancesAfterBackupRestoration (0ms)
Platform modules already initialized, skipping
Registering precompiled user dll's ...
Registered in 0.009830 seconds.
Begin MonoManager ReloadAssembly
Symbol file LoadedFromMemory doesn't match image C:\Users\arvau\Desktop\Prometheus Project\Prometheus_Project\Library\PackageCache\com.unity.visualscripting@1.7.8\Editor\VisualScripting.Core\Dependencies\YamlDotNet\Unity.VisualScripting.YamlDotNet.dll
Symbol file LoadedFromMemory doesn't match image C:\Users\arvau\Desktop\Prometheus Project\Prometheus_Project\Library\PackageCache\com.unity.visualscripting@1.7.8\Editor\VisualScripting.Core\Dependencies\DotNetZip\Unity.VisualScripting.IonicZip.dll
Native extension for WindowsStandalone target not found
Native extension for Android target not found
Refreshing native plugins compatible for Editor in 0.68 ms, found 3 plugins.
Preloading 0 native plugins for Editor in 0.00 ms.
Mono: successfully reloaded assembly
- Completed reload, in  1.227 seconds
Domain Reload Profiling:
	ReloadAssembly (1228ms)
		BeginReloadAssembly (236ms)
			ExecutionOrderSort (0ms)
			DisableScriptedObjects (6ms)
			BackupInstance (0ms)
			ReleaseScriptingObjects (0ms)
			CreateAndSetChildDomain (137ms)
		EndReloadAssembly (871ms)
			LoadAssemblies (94ms)
			RebuildTransferFunctionScriptingTraits (0ms)
			SetupTypeCache (279ms)
			ReleaseScriptCaches (1ms)
			RebuildScriptCaches (55ms)
			SetupLoadedEditorAssemblies (403ms)
				LogAssemblyErrors (0ms)
				InitializePlatformSupportModulesInManaged (17ms)
				SetLoadedEditorAssemblies (0ms)
				RefreshPlugins (1ms)
				BeforeProcessingInitializeOnLoad (93ms)
				ProcessInitializeOnLoadAttributes (246ms)
				ProcessInitializeOnLoadMethodAttributes (30ms)
				AfterProcessingInitializeOnLoad (16ms)
				EditorAssembliesLoaded (0ms)
			ExecutionOrderSort2 (0ms)
			AwakeInstancesAfterBackupRestoration (15ms)
Platform modules already initialized, skipping
========================================================================
Worker process is ready to serve import requests
Launched and connected shader compiler UnityShaderCompiler.exe after 0.04 seconds
Refreshing native plugins compatible for Editor in 0.75 ms, found 3 plugins.
Preloading 0 native plugins for Editor in 0.00 ms.
Unloading 3564 Unused Serialized files (Serialized files now loaded: 0)
Unloading 38 unused Assets / (129.6 KB). Loaded Objects now: 4027.
Memory consumption went from 127.3 MB to 127.2 MB.
Total: 3.051800 ms (FindLiveObjects: 0.317900 ms CreateObjectMapping: 0.266500 ms MarkObjects: 2.382000 ms  DeleteObjects: 0.084300 ms)

AssetImportParameters requested are different than current active one (requested -> active):
  custom:video-decoder-ogg-theora: a1e56fd34408186e4bbccfd4996cb3dc -> 
  custom:container-muxer-webm: aa71ff27fc2769a1b78a27578f13a17b -> 
  custom:container-demuxer-webm: 4f35f7cbe854078d1ac9338744f61a02 -> 
  custom:video-encoder-webm-vp8: eb34c28f22e8b96e1ab97ce403110664 -> 
  custom:audio-encoder-webm-vorbis: bf7c407c2cedff20999df2af8eb42d56 -> 
  custom:framework-win-MediaFoundation: 216162199b28c13a410421893ffa2e32 -> 
  custom:container-demuxer-ogg: 62fdf1f143b41e24485cea50d1cbac27 -> 
  custom:video-decoder-webm-vp8: 9c59270c3fd7afecdb556c50c9e8de78 -> 
  custom:audio-decoder-ogg-vorbis: bf7c407c2cedff20999df2af8eb42d56 -> 
========================================================================
Received Import Request.
  Time since last request: 15792.863421 seconds.
  path: Assets/POLYGON city pack/Meshes,textures/props_FBX/ATM texture.png
  artifactKey: Guid(0adf9e72f6db90e4e9240239ed1ba57f) Importer(815301076,1909f56bfc062723c751e8b465ee728b)
Start importing Assets/POLYGON city pack/Meshes,textures/props_FBX/ATM texture.png using Guid(0adf9e72f6db90e4e9240239ed1ba57f) Importer(815301076,1909f56bfc062723c751e8b465ee728b)  -> (artifact id: 'af91c021e94a5990683fde075ee67187') in 0.105760 seconds 
========================================================================
Received Import Request.
  Time since last request: 0.000031 seconds.
  path: Assets/POLYGON city pack/Meshes,textures/props_FBX/Big_trash_bin.fbx
  artifactKey: Guid(221422f7266ae3249b686bbfb5989c70) Importer(815301076,1909f56bfc062723c751e8b465ee728b)
Start importing Assets/POLYGON city pack/Meshes,textures/props_FBX/Big_trash_bin.fbx using Guid(221422f7266ae3249b686bbfb5989c70) Importer(815301076,1909f56bfc062723c751e8b465ee728b)  -> (artifact id: '28d9aa564140665ee29856fecf536014') in 0.130281 seconds 
========================================================================
Received Import Request.
  Time since last request: 0.000063 seconds.
  path: Assets/POLYGON city pack/Meshes,textures/props_FBX/Wall 2.fbx
  artifactKey: Guid(b96bc629bd1b6524281a561f6a967bf5) Importer(815301076,1909f56bfc062723c751e8b465ee728b)
Start importing Assets/POLYGON city pack/Meshes,textures/props_FBX/Wall 2.fbx using Guid(b96bc629bd1b6524281a561f6a967bf5) Importer(815301076,1909f56bfc062723c751e8b465ee728b)  -> (artifact id: '736f51d678c9a192c7db24be276e5268') in 0.026646 seconds 
========================================================================
Received Import Request.
  Time since last request: 0.000055 seconds.
  path: Assets/POLYGON city pack/Meshes,textures/props_FBX/bush leafes.png
  artifactKey: Guid(f022620d8f31ed446a220a043d553f79) Importer(815301076,1909f56bfc062723c751e8b465ee728b)
Start importing Assets/POLYGON city pack/Meshes,textures/props_FBX/bush leafes.png using Guid(f022620d8f31ed446a220a043d553f79) Importer(815301076,1909f56bfc062723c751e8b465ee728b)  -> (artifact id: '66b1ad278b1ea95886061718d7511b7d') in 0.016374 seconds 
========================================================================
Received Import Request.
  Time since last request: 0.000025 seconds.
  path: Assets/POLYGON city pack/Meshes,textures/props_FBX/Bush 2.fbx
  artifactKey: Guid(e70bdd1c50a108e4c8a663076f0f9f98) Importer(815301076,1909f56bfc062723c751e8b465ee728b)
Start importing Assets/POLYGON city pack/Meshes,textures/props_FBX/Bush 2.fbx using Guid(e70bdd1c50a108e4c8a663076f0f9f98) Importer(815301076,1909f56bfc062723c751e8b465ee728b)  -> (artifact id: '27a2cdb96b2e7e69d76b86048ed74f8d') in 0.026788 seconds 
========================================================================
Received Import Request.
  Time since last request: 0.000024 seconds.
  path: Assets/POLYGON city pack/Meshes,textures/props_FBX/electrcity box.fbx
  artifactKey: Guid(0c3fcce8e44640541a75b7d43e32a50b) Importer(815301076,1909f56bfc062723c751e8b465ee728b)
Start importing Assets/POLYGON city pack/Meshes,textures/props_FBX/electrcity box.fbx using Guid(0c3fcce8e44640541a75b7d43e32a50b) Importer(815301076,1909f56bfc062723c751e8b465ee728b)  -> (artifact id: '0e200061443f118603b1d7e1eb318434') in 0.019963 seconds 
========================================================================
Received Import Request.
  Time since last request: 0.000021 seconds.
  path: Assets/POLYGON city pack/Meshes,textures/props_FBX/Flower 1 light blue+ 1.png
  artifactKey: Guid(cd16eabbdefd79b43bc1ae0211308fc9) Importer(815301076,1909f56bfc062723c751e8b465ee728b)
Start importing Assets/POLYGON city pack/Meshes,textures/props_FBX/Flower 1 light blue+ 1.png using Guid(cd16eabbdefd79b43bc1ae0211308fc9) Importer(815301076,1909f56bfc062723c751e8b465ee728b)  -> (artifact id: 'dbe5a4d927a718c01f6e101c6cb40231') in 0.012994 seconds 
========================================================================
Received Import Request.
  Time since last request: 0.000039 seconds.
  path: Assets/POLYGON city pack/Meshes,textures/props_FBX/tree_holder.fbx
  artifactKey: Guid(864b37ef74679d041a9878401216a6b0) Importer(815301076,1909f56bfc062723c751e8b465ee728b)
Start importing Assets/POLYGON city pack/Meshes,textures/props_FBX/tree_holder.fbx using Guid(864b37ef74679d041a9878401216a6b0) Importer(815301076,1909f56bfc062723c751e8b465ee728b)  -> (artifact id: '3900cde86ebffec88c63a83564682f20') in 0.021553 seconds 
========================================================================
Received Import Request.
  Time since last request: 0.000023 seconds.
  path: Assets/POLYGON city pack/Meshes,textures/props_FBX/bench 2 texture.png
  artifactKey: Guid(90fbbba75d1fa4f44a8fcbe6dd8640ae) Importer(815301076,1909f56bfc062723c751e8b465ee728b)
Start importing Assets/POLYGON city pack/Meshes,textures/props_FBX/bench 2 texture.png using Guid(90fbbba75d1fa4f44a8fcbe6dd8640ae) Importer(815301076,1909f56bfc062723c751e8b465ee728b)  -> (artifact id: 'd0bffc2b371ec52af274aed9c6686db0') in 0.014723 seconds 
========================================================================
Received Import Request.
  Time since last request: 0.000021 seconds.
  path: Assets/POLYGON city pack/Meshes,textures/props_FBX/grass 2.png
  artifactKey: Guid(6397113e9a553b04e85dc970603eb3b7) Importer(815301076,1909f56bfc062723c751e8b465ee728b)
Start importing Assets/POLYGON city pack/Meshes,textures/props_FBX/grass 2.png using Guid(6397113e9a553b04e85dc970603eb3b7) Importer(815301076,1909f56bfc062723c751e8b465ee728b)  -> (artifact id: 'a16b26f6b9cdcb8535abb5cf0b5b5fa5') in 0.014112 seconds 
========================================================================
Received Import Request.
  Time since last request: 0.000051 seconds.
  path: Assets/POLYGON city pack/Meshes,textures/props_FBX/Fence_B_2.png
  artifactKey: Guid(27d64acee5bc9554f8de3bd0254ddddd) Importer(815301076,1909f56bfc062723c751e8b465ee728b)
Start importing Assets/POLYGON city pack/Meshes,textures/props_FBX/Fence_B_2.png using Guid(27d64acee5bc9554f8de3bd0254ddddd) Importer(815301076,1909f56bfc062723c751e8b465ee728b)  -> (artifact id: '3cad0fcf978da86fcd2b36c736d93577') in 0.012160 seconds 
========================================================================
Received Import Request.
  Time since last request: 0.000032 seconds.
  path: Assets/POLYGON city pack/Meshes,textures/props_FBX/traffic warning stand texture.png
  artifactKey: Guid(1daf544f1efadb744b1ccd54710ebbe5) Importer(815301076,1909f56bfc062723c751e8b465ee728b)
Start importing Assets/POLYGON city pack/Meshes,textures/props_FBX/traffic warning stand texture.png using Guid(1daf544f1efadb744b1ccd54710ebbe5) Importer(815301076,1909f56bfc062723c751e8b465ee728b)  -> (artifact id: '093d623ceb0e007f48b8797d24fd1c8e') in 0.016608 seconds 
========================================================================
Received Import Request.
  Time since last request: 0.000039 seconds.
  path: Assets/POLYGON city pack/Meshes,textures/props_FBX/Flower 1 blue mix 1.png
  artifactKey: Guid(b653acd680f9560409ac1a07029a24a7) Importer(815301076,1909f56bfc062723c751e8b465ee728b)
Start importing Assets/POLYGON city pack/Meshes,textures/props_FBX/Flower 1 blue mix 1.png using Guid(b653acd680f9560409ac1a07029a24a7) Importer(815301076,1909f56bfc062723c751e8b465ee728b)  -> (artifact id: 'cf1e52edef6f93f48ac3c910317ff1fe') in 0.016348 seconds 
========================================================================
Received Import Request.
  Time since last request: 0.000055 seconds.
  path: Assets/POLYGON city pack/Meshes,textures/props_FBX/Flower 1.fbx
  artifactKey: Guid(f527259d98e2c0646814ac63efdac060) Importer(815301076,1909f56bfc062723c751e8b465ee728b)
Start importing Assets/POLYGON city pack/Meshes,textures/props_FBX/Flower 1.fbx using Guid(f527259d98e2c0646814ac63efdac060) Importer(815301076,1909f56bfc062723c751e8b465ee728b)  -> (artifact id: 'f8516251cff3e950e474e4470d874293') in 0.019811 seconds 
========================================================================
Received Import Request.
  Time since last request: 0.000045 seconds.
  path: Assets/POLYGON city pack/Meshes,textures/props_FBX/Unbenannt.png
  artifactKey: Guid(15cf9090a45f29448831b15bb6d30f35) Importer(815301076,1909f56bfc062723c751e8b465ee728b)
Start importing Assets/POLYGON city pack/Meshes,textures/props_FBX/Unbenannt.png using Guid(15cf9090a45f29448831b15bb6d30f35) Importer(815301076,1909f56bfc062723c751e8b465ee728b)  -> (artifact id: '8501cab752118f775b9d5fee804ffbe6') in 0.015436 seconds 
========================================================================
Received Import Request.
  Time since last request: 0.000023 seconds.
  path: Assets/POLYGON city pack/Meshes,textures/props_FBX/traffic_obj.fbx
  artifactKey: Guid(ad446666bbee14d48a005a548eecc6bc) Importer(815301076,1909f56bfc062723c751e8b465ee728b)
Start importing Assets/POLYGON city pack/Meshes,textures/props_FBX/traffic_obj.fbx using Guid(ad446666bbee14d48a005a548eecc6bc) Importer(815301076,1909f56bfc062723c751e8b465ee728b)  -> (artifact id: '19169b7a080c493a5f0a408aa00c7da9') in 0.018330 seconds 
========================================================================
Received Import Request.
  Time since last request: 0.000049 seconds.
  path: Assets/POLYGON city pack/Meshes,textures/props_FBX/traffic_pot_texture.png
  artifactKey: Guid(a9edd05d1642d964fb6352356d058cf9) Importer(815301076,1909f56bfc062723c751e8b465ee728b)
Start importing Assets/POLYGON city pack/Meshes,textures/props_FBX/traffic_pot_texture.png using Guid(a9edd05d1642d964fb6352356d058cf9) Importer(815301076,1909f56bfc062723c751e8b465ee728b)  -> (artifact id: '9e5039f901627319dc236e3ed0836006') in 0.015988 seconds 
========================================================================
Received Import Request.
  Time since last request: 0.000029 seconds.
  path: Assets/POLYGON city pack/Meshes,textures/props_FBX/ATM.fbx
  artifactKey: Guid(ffb33e8324df18545a589ed2d6777750) Importer(815301076,1909f56bfc062723c751e8b465ee728b)
Start importing Assets/POLYGON city pack/Meshes,textures/props_FBX/ATM.fbx using Guid(ffb33e8324df18545a589ed2d6777750) Importer(815301076,1909f56bfc062723c751e8b465ee728b)  -> (artifact id: 'fd85a6eaced9f894d2e03f5adb7f1ce9') in 0.020569 seconds 
========================================================================
Received Import Request.
  Time since last request: 0.000046 seconds.
  path: Assets/POLYGON city pack/Meshes,textures/props_FBX/Fence_B_2.fbx
  artifactKey: Guid(89cfb2ee63c9de8428925a177ddf0559) Importer(815301076,1909f56bfc062723c751e8b465ee728b)
Start importing Assets/POLYGON city pack/Meshes,textures/props_FBX/Fence_B_2.fbx using Guid(89cfb2ee63c9de8428925a177ddf0559) Importer(815301076,1909f56bfc062723c751e8b465ee728b)  -> (artifact id: '74a503d5db12a744ac280cca7db54076') in 0.111537 seconds 
========================================================================
Received Import Request.
  Time since last request: 0.000034 seconds.
  path: Assets/POLYGON city pack/Meshes,textures/props_FBX/Bench 2.fbx
  artifactKey: Guid(f5087e1f9a322b249a1b80e9709ff026) Importer(815301076,1909f56bfc062723c751e8b465ee728b)
Start importing Assets/POLYGON city pack/Meshes,textures/props_FBX/Bench 2.fbx using Guid(f5087e1f9a322b249a1b80e9709ff026) Importer(815301076,1909f56bfc062723c751e8b465ee728b)  -> (artifact id: '065aa4fb6fee5cad6a530860f0f8802a') in 0.021232 seconds 
========================================================================
Received Import Request.
  Time since last request: 0.000045 seconds.
  path: Assets/POLYGON city pack/Meshes,textures/props_FBX/flower 3.fbx
  artifactKey: Guid(bc6ee7e9886584148a9f0a2fd5c56b78) Importer(815301076,1909f56bfc062723c751e8b465ee728b)
Start importing Assets/POLYGON city pack/Meshes,textures/props_FBX/flower 3.fbx using Guid(bc6ee7e9886584148a9f0a2fd5c56b78) Importer(815301076,1909f56bfc062723c751e8b465ee728b)  -> (artifact id: 'd0187402b3653825b1ac794bd5c0eb38') in 0.019061 seconds 
========================================================================
Received Import Request.
  Time since last request: 0.000023 seconds.
  path: Assets/POLYGON city pack/Meshes,textures/props_FBX/drink_machine_texture.png
  artifactKey: Guid(5bf66335a37f8c449b9d5b901659057a) Importer(815301076,1909f56bfc062723c751e8b465ee728b)
Start importing Assets/POLYGON city pack/Meshes,textures/props_FBX/drink_machine_texture.png using Guid(5bf66335a37f8c449b9d5b901659057a) Importer(815301076,1909f56bfc062723c751e8b465ee728b)  -> (artifact id: '6a87449f269608c1a67d8fff8898ef12') in 0.016470 seconds 
========================================================================
Received Import Request.
  Time since last request: 0.000053 seconds.
  path: Assets/POLYGON city pack/Meshes,textures/props_FBX/stone 2.fbx
  artifactKey: Guid(34396542f6fdc3444afca4ecf1322e4f) Importer(815301076,1909f56bfc062723c751e8b465ee728b)
Start importing Assets/POLYGON city pack/Meshes,textures/props_FBX/stone 2.fbx using Guid(34396542f6fdc3444afca4ecf1322e4f) Importer(815301076,1909f56bfc062723c751e8b465ee728b)  -> (artifact id: '91ce1181026635440a8b3642321de978') in 0.020636 seconds 
Editor requested this worker to shutdown with reason: Scaling down because of idle timeout
AssetImportWorker is now disconnected from the server
Process exiting
Exiting without the bug reporter. Application will terminate with return code 0