Using pre-set license
Built from '2021.3/staging' branch; Version is '2021.3.13f1 (9e7d58001ecf) revision 10386776'; Using compiler version '192829333'; Build Type 'Release'
OS: 'Windows 10  (10.0.19045) 64bit Professional' Language: 'en' Physical Memory: 32687 MB
BatchMode: 1, IsHumanControllingUs: 0, StartBugReporterOnCrash: 0, Is64bit: 1, IsPro: 1

COMMAND LINE ARGUMENTS:
C:\Program Files\Unity\Hub\Editor\2021.3.13f1\Editor\Unity.exe
-adb2
-batchMode
-noUpm
-name
AssetImportWorker2
-projectPath
C:/Users/arvau/Desktop/Prometheus Project/Prometheus_Project
-logFile
Logs/AssetImportWorker2.log
-srvPort
54924
Successfully changed project path to: C:/Users/arvau/Desktop/Prometheus Project/Prometheus_Project
C:/Users/arvau/Desktop/Prometheus Project/Prometheus_Project
[UnityMemory] Configuration Parameters - Can be set up in boot.config
    "memorysetup-bucket-allocator-granularity=16"
    "memorysetup-bucket-allocator-bucket-count=8"
    "memorysetup-bucket-allocator-block-size=33554432"
    "memorysetup-bucket-allocator-block-count=8"
    "memorysetup-main-allocator-block-size=16777216"
    "memorysetup-thread-allocator-block-size=16777216"
    "memorysetup-gfx-main-allocator-block-size=16777216"
    "memorysetup-gfx-thread-allocator-block-size=16777216"
    "memorysetup-cache-allocator-block-size=4194304"
    "memorysetup-typetree-allocator-block-size=2097152"
    "memorysetup-profiler-bucket-allocator-granularity=16"
    "memorysetup-profiler-bucket-allocator-bucket-count=8"
    "memorysetup-profiler-bucket-allocator-block-size=33554432"
    "memorysetup-profiler-bucket-allocator-block-count=8"
    "memorysetup-profiler-allocator-block-size=16777216"
    "memorysetup-profiler-editor-allocator-block-size=1048576"
    "memorysetup-temp-allocator-size-main=16777216"
    "memorysetup-job-temp-allocator-block-size=2097152"
    "memorysetup-job-temp-allocator-block-size-background=1048576"
    "memorysetup-job-temp-allocator-reduction-small-platforms=262144"
    "memorysetup-temp-allocator-size-background-worker=32768"
    "memorysetup-temp-allocator-size-job-worker=262144"
    "memorysetup-temp-allocator-size-preload-manager=33554432"
    "memorysetup-temp-allocator-size-nav-mesh-worker=65536"
    "memorysetup-temp-allocator-size-audio-worker=65536"
    "memorysetup-temp-allocator-size-cloud-worker=32768"
    "memorysetup-temp-allocator-size-gi-baking-worker=262144"
    "memorysetup-temp-allocator-size-gfx=262144"
Refreshing native plugins compatible for Editor in 83.51 ms, found 3 plugins.
Preloading 0 native plugins for Editor in 0.00 ms.
Initialize engine version: 2021.3.13f1 (9e7d58001ecf)
[Subsystems] Discovering subsystems at path C:/Program Files/Unity/Hub/Editor/2021.3.13f1/Editor/Data/Resources/UnitySubsystems
[Subsystems] Discovering subsystems at path C:/Users/arvau/Desktop/Prometheus Project/Prometheus_Project/Assets
GfxDevice: creating device client; threaded=0; jobified=0
Direct3D:
    Version:  Direct3D 11.0 [level 11.1]
    Renderer: AMD Radeon RX 5700 XT (ID=0x731f)
    Vendor:   ATI
    VRAM:     8151 MB
    Driver:   31.0.14037.1007
Initialize mono
Mono path[0] = 'C:/Program Files/Unity/Hub/Editor/2021.3.13f1/Editor/Data/Managed'
Mono path[1] = 'C:/Program Files/Unity/Hub/Editor/2021.3.13f1/Editor/Data/MonoBleedingEdge/lib/mono/unityjit-win32'
Mono config path = 'C:/Program Files/Unity/Hub/Editor/2021.3.13f1/Editor/Data/MonoBleedingEdge/etc'
Using monoOptions --debugger-agent=transport=dt_socket,embedding=1,server=y,suspend=n,address=127.0.0.1:56924
Begin MonoManager ReloadAssembly
Registering precompiled unity dll's ...
Register platform support module: C:/Program Files/Unity/Hub/Editor/2021.3.13f1/Editor/Data/PlaybackEngines/AndroidPlayer/UnityEditor.Android.Extensions.dll
Register platform support module: C:/Program Files/Unity/Hub/Editor/2021.3.13f1/Editor/Data/PlaybackEngines/WindowsStandaloneSupport/UnityEditor.WindowsStandalone.Extensions.dll
Registered in 0.014239 seconds.
Native extension for WindowsStandalone target not found
Native extension for Android target not found
Refreshing native plugins compatible for Editor in 72.24 ms, found 3 plugins.
Preloading 0 native plugins for Editor in 0.00 ms.
Mono: successfully reloaded assembly
- Completed reload, in  0.598 seconds
Domain Reload Profiling:
	ReloadAssembly (598ms)
		BeginReloadAssembly (69ms)
			ExecutionOrderSort (0ms)
			DisableScriptedObjects (0ms)
			BackupInstance (0ms)
			ReleaseScriptingObjects (0ms)
			CreateAndSetChildDomain (1ms)
		EndReloadAssembly (420ms)
			LoadAssemblies (66ms)
			RebuildTransferFunctionScriptingTraits (0ms)
			SetupTypeCache (93ms)
			ReleaseScriptCaches (0ms)
			RebuildScriptCaches (23ms)
			SetupLoadedEditorAssemblies (257ms)
				LogAssemblyErrors (0ms)
				InitializePlatformSupportModulesInManaged (53ms)
				SetLoadedEditorAssemblies (0ms)
				RefreshPlugins (72ms)
				BeforeProcessingInitializeOnLoad (1ms)
				ProcessInitializeOnLoadAttributes (89ms)
				ProcessInitializeOnLoadMethodAttributes (42ms)
				AfterProcessingInitializeOnLoad (0ms)
				EditorAssembliesLoaded (0ms)
			ExecutionOrderSort2 (0ms)
			AwakeInstancesAfterBackupRestoration (0ms)
Platform modules already initialized, skipping
Registering precompiled user dll's ...
Registered in 0.006821 seconds.
Begin MonoManager ReloadAssembly
Symbol file LoadedFromMemory doesn't match image C:\Users\arvau\Desktop\Prometheus Project\Prometheus_Project\Library\PackageCache\com.unity.visualscripting@1.7.8\Editor\VisualScripting.Core\Dependencies\YamlDotNet\Unity.VisualScripting.YamlDotNet.dll
Symbol file LoadedFromMemory doesn't match image C:\Users\arvau\Desktop\Prometheus Project\Prometheus_Project\Library\PackageCache\com.unity.visualscripting@1.7.8\Editor\VisualScripting.Core\Dependencies\DotNetZip\Unity.VisualScripting.IonicZip.dll
Native extension for WindowsStandalone target not found
Native extension for Android target not found
Refreshing native plugins compatible for Editor in 0.67 ms, found 3 plugins.
Preloading 0 native plugins for Editor in 0.00 ms.
Mono: successfully reloaded assembly
- Completed reload, in  1.153 seconds
Domain Reload Profiling:
	ReloadAssembly (1153ms)
		BeginReloadAssembly (223ms)
			ExecutionOrderSort (0ms)
			DisableScriptedObjects (6ms)
			BackupInstance (0ms)
			ReleaseScriptingObjects (0ms)
			CreateAndSetChildDomain (133ms)
		EndReloadAssembly (809ms)
			LoadAssemblies (86ms)
			RebuildTransferFunctionScriptingTraits (0ms)
			SetupTypeCache (244ms)
			ReleaseScriptCaches (1ms)
			RebuildScriptCaches (60ms)
			SetupLoadedEditorAssemblies (386ms)
				LogAssemblyErrors (0ms)
				InitializePlatformSupportModulesInManaged (17ms)
				SetLoadedEditorAssemblies (0ms)
				RefreshPlugins (1ms)
				BeforeProcessingInitializeOnLoad (100ms)
				ProcessInitializeOnLoadAttributes (228ms)
				ProcessInitializeOnLoadMethodAttributes (27ms)
				AfterProcessingInitializeOnLoad (13ms)
				EditorAssembliesLoaded (0ms)
			ExecutionOrderSort2 (0ms)
			AwakeInstancesAfterBackupRestoration (9ms)
Platform modules already initialized, skipping
========================================================================
Worker process is ready to serve import requests
Launched and connected shader compiler UnityShaderCompiler.exe after 0.06 seconds
Refreshing native plugins compatible for Editor in 0.65 ms, found 3 plugins.
Preloading 0 native plugins for Editor in 0.00 ms.
Unloading 3565 Unused Serialized files (Serialized files now loaded: 0)
Unloading 38 unused Assets / (129.7 KB). Loaded Objects now: 4028.
Memory consumption went from 127.4 MB to 127.3 MB.
Total: 2.457400 ms (FindLiveObjects: 0.280900 ms CreateObjectMapping: 0.193900 ms MarkObjects: 1.904900 ms  DeleteObjects: 0.076900 ms)

AssetImportParameters requested are different than current active one (requested -> active):
  custom:video-decoder-ogg-theora: a1e56fd34408186e4bbccfd4996cb3dc -> 
  custom:container-muxer-webm: aa71ff27fc2769a1b78a27578f13a17b -> 
  custom:container-demuxer-webm: 4f35f7cbe854078d1ac9338744f61a02 -> 
  custom:video-encoder-webm-vp8: eb34c28f22e8b96e1ab97ce403110664 -> 
  custom:audio-encoder-webm-vorbis: bf7c407c2cedff20999df2af8eb42d56 -> 
  custom:framework-win-MediaFoundation: 216162199b28c13a410421893ffa2e32 -> 
  custom:container-demuxer-ogg: 62fdf1f143b41e24485cea50d1cbac27 -> 
  custom:video-decoder-webm-vp8: 9c59270c3fd7afecdb556c50c9e8de78 -> 
  custom:audio-decoder-ogg-vorbis: bf7c407c2cedff20999df2af8eb42d56 -> 
========================================================================
Received Import Request.
  Time since last request: 6933.890399 seconds.
  path: Assets/Mixamo/Ch46_nonPBR.fbx
  artifactKey: Guid(848bb674fe687004d9b2f249ae2d8cfb) Importer(815301076,1909f56bfc062723c751e8b465ee728b)
Start importing Assets/Mixamo/Ch46_nonPBR.fbx using Guid(848bb674fe687004d9b2f249ae2d8cfb) Importer(815301076,1909f56bfc062723c751e8b465ee728b)  -> (artifact id: '282e5aa7d57baa13d16b82932cf99c95') in 0.059633 seconds 
========================================================================
Received Import Request.
  Time since last request: 48.067399 seconds.
  path: Assets/Mixamo/Ch46_nonPBR.fbx
  artifactKey: Guid(848bb674fe687004d9b2f249ae2d8cfb) Importer(815301076,1909f56bfc062723c751e8b465ee728b)
Start importing Assets/Mixamo/Ch46_nonPBR.fbx using Guid(848bb674fe687004d9b2f249ae2d8cfb) Importer(815301076,1909f56bfc062723c751e8b465ee728b)  -> (artifact id: '17d13cf27ac52e5bccff8b750b769f0f') in 0.138566 seconds 
========================================================================
Received Import Request.
  Time since last request: 87.988406 seconds.
  path: Assets/Mixamo/Ch46_nonPBR.fbx
  artifactKey: Guid(848bb674fe687004d9b2f249ae2d8cfb) Importer(815301076,1909f56bfc062723c751e8b465ee728b)
Start importing Assets/Mixamo/Ch46_nonPBR.fbx using Guid(848bb674fe687004d9b2f249ae2d8cfb) Importer(815301076,1909f56bfc062723c751e8b465ee728b)  -> (artifact id: 'c9ff8cd74baece39d0ee0756addeaf5d') in 0.024700 seconds 
========================================================================
Received Import Request.
  Time since last request: 34.495797 seconds.
  path: Assets/Mixamo/Ch46_nonPBR.fbx
  artifactKey: Guid(848bb674fe687004d9b2f249ae2d8cfb) Importer(815301076,1909f56bfc062723c751e8b465ee728b)
Start importing Assets/Mixamo/Ch46_nonPBR.fbx using Guid(848bb674fe687004d9b2f249ae2d8cfb) Importer(815301076,1909f56bfc062723c751e8b465ee728b)  -> (artifact id: 'ba8bdda42dbf08eaacbcc195a950537b') in 0.037910 seconds 
========================================================================
Received Import Request.
  Time since last request: 5.363617 seconds.
  path: Assets/Mixamo/Ch46_nonPBR.fbx
  artifactKey: Guid(848bb674fe687004d9b2f249ae2d8cfb) Importer(815301076,1909f56bfc062723c751e8b465ee728b)
Start importing Assets/Mixamo/Ch46_nonPBR.fbx using Guid(848bb674fe687004d9b2f249ae2d8cfb) Importer(815301076,1909f56bfc062723c751e8b465ee728b)  -> (artifact id: 'b124257bb25def91d8c720caa3480abc') in 0.025218 seconds 
========================================================================
Received Import Request.
  Time since last request: 48.781977 seconds.
  path: Assets/Mixamo/Ely By K.Atienza.fbx
  artifactKey: Guid(adf8618d734329c49b16c658554f73da) Importer(815301076,1909f56bfc062723c751e8b465ee728b)
Start importing Assets/Mixamo/Ely By K.Atienza.fbx using Guid(adf8618d734329c49b16c658554f73da) Importer(815301076,1909f56bfc062723c751e8b465ee728b)  -> (artifact id: 'e489f45356f8b7b237d1542315d1e699') in 0.021725 seconds 
========================================================================
Received Import Request.
  Time since last request: 7.168443 seconds.
  path: Assets/Mixamo/Ely By K.Atienza.fbx
  artifactKey: Guid(adf8618d734329c49b16c658554f73da) Importer(815301076,1909f56bfc062723c751e8b465ee728b)
Start importing Assets/Mixamo/Ely By K.Atienza.fbx using Guid(adf8618d734329c49b16c658554f73da) Importer(815301076,1909f56bfc062723c751e8b465ee728b)  -> (artifact id: '97891db143b50c981b8a9d420dba2059') in 0.026543 seconds 
========================================================================
Received Import Request.
  Time since last request: 4.115021 seconds.
  path: Assets/Mixamo/Ely By K.Atienza.fbx
  artifactKey: Guid(adf8618d734329c49b16c658554f73da) Importer(815301076,1909f56bfc062723c751e8b465ee728b)
Start importing Assets/Mixamo/Ely By K.Atienza.fbx using Guid(adf8618d734329c49b16c658554f73da) Importer(815301076,1909f56bfc062723c751e8b465ee728b)  -> (artifact id: '488f38ffdd4f6e642623605325c15af4') in 0.021506 seconds 
========================================================================
Received Import Request.
  Time since last request: 8.994487 seconds.
  path: Assets/Mixamo/Remy.fbx
  artifactKey: Guid(c7d63111245ad0e48a9d9dbc229df4f2) Importer(815301076,1909f56bfc062723c751e8b465ee728b)
Start importing Assets/Mixamo/Remy.fbx using Guid(c7d63111245ad0e48a9d9dbc229df4f2) Importer(815301076,1909f56bfc062723c751e8b465ee728b)  -> (artifact id: '8c95a673c263cc722e0749320d7fe481') in 0.074432 seconds 
========================================================================
Received Import Request.
  Time since last request: 7.543363 seconds.
  path: Assets/Mixamo/Remy.fbx
  artifactKey: Guid(c7d63111245ad0e48a9d9dbc229df4f2) Importer(815301076,1909f56bfc062723c751e8b465ee728b)
Start importing Assets/Mixamo/Remy.fbx using Guid(c7d63111245ad0e48a9d9dbc229df4f2) Importer(815301076,1909f56bfc062723c751e8b465ee728b)  -> (artifact id: '980fdd3a81499084b12680bee7a480a9') in 0.087717 seconds 
========================================================================
Received Import Request.
  Time since last request: 5.060327 seconds.
  path: Assets/Mixamo/Remy.fbx
  artifactKey: Guid(c7d63111245ad0e48a9d9dbc229df4f2) Importer(815301076,1909f56bfc062723c751e8b465ee728b)
Start importing Assets/Mixamo/Remy.fbx using Guid(c7d63111245ad0e48a9d9dbc229df4f2) Importer(815301076,1909f56bfc062723c751e8b465ee728b)  -> (artifact id: 'be26587ecb01ad052f862d03bca8fff6') in 0.067793 seconds 
========================================================================
Received Import Request.
  Time since last request: 84.817645 seconds.
  path: Assets/Mixamo/Ch46_nonPBR.fbx
  artifactKey: Guid(848bb674fe687004d9b2f249ae2d8cfb) Importer(815301076,1909f56bfc062723c751e8b465ee728b)
Start importing Assets/Mixamo/Ch46_nonPBR.fbx using Guid(848bb674fe687004d9b2f249ae2d8cfb) Importer(815301076,1909f56bfc062723c751e8b465ee728b)  -> (artifact id: 'ee6b3c07412b55cf03f5cd22ee1d6431') in 0.038038 seconds 
========================================================================
Received Import Request.
  Time since last request: 6.782846 seconds.
  path: Assets/Mixamo/Ch02_nonPBR.fbx
  artifactKey: Guid(b6191c2ed93c41d49ba19c4c9cc02d1c) Importer(815301076,1909f56bfc062723c751e8b465ee728b)
Start importing Assets/Mixamo/Ch02_nonPBR.fbx using Guid(b6191c2ed93c41d49ba19c4c9cc02d1c) Importer(815301076,1909f56bfc062723c751e8b465ee728b)  -> (artifact id: '660a50da30d98793982a8fe8ab059688') in 0.074352 seconds 
========================================================================
Received Import Request.
  Time since last request: 10.611481 seconds.
  path: Assets/Mixamo/Ch02_nonPBR.fbx
  artifactKey: Guid(b6191c2ed93c41d49ba19c4c9cc02d1c) Importer(815301076,1909f56bfc062723c751e8b465ee728b)
Start importing Assets/Mixamo/Ch02_nonPBR.fbx using Guid(b6191c2ed93c41d49ba19c4c9cc02d1c) Importer(815301076,1909f56bfc062723c751e8b465ee728b)  -> (artifact id: '9f5ec4cf4dd4f9e642eec84e77c77169') in 0.065849 seconds 
========================================================================
Received Import Request.
  Time since last request: 9.979697 seconds.
  path: Assets/Mixamo/Ch02_nonPBR.fbx
  artifactKey: Guid(b6191c2ed93c41d49ba19c4c9cc02d1c) Importer(815301076,1909f56bfc062723c751e8b465ee728b)
Start importing Assets/Mixamo/Ch02_nonPBR.fbx using Guid(b6191c2ed93c41d49ba19c4c9cc02d1c) Importer(815301076,1909f56bfc062723c751e8b465ee728b)  -> (artifact id: '24972517039af0b6107265d94cdfcba5') in 0.067019 seconds 
========================================================================
Received Import Request.
  Time since last request: 5.787487 seconds.
  path: Assets/Mixamo/Ch02_nonPBR.fbx
  artifactKey: Guid(b6191c2ed93c41d49ba19c4c9cc02d1c) Importer(815301076,1909f56bfc062723c751e8b465ee728b)
Start importing Assets/Mixamo/Ch02_nonPBR.fbx using Guid(b6191c2ed93c41d49ba19c4c9cc02d1c) Importer(815301076,1909f56bfc062723c751e8b465ee728b)  -> (artifact id: '66ed789dbb6247c1e0e1a5106317a82c') in 0.060250 seconds 
========================================================================
Received Import Request.
  Time since last request: 4.053015 seconds.
  path: Assets/Mixamo/Ch02_nonPBR.fbx
  artifactKey: Guid(b6191c2ed93c41d49ba19c4c9cc02d1c) Importer(815301076,1909f56bfc062723c751e8b465ee728b)
Start importing Assets/Mixamo/Ch02_nonPBR.fbx using Guid(b6191c2ed93c41d49ba19c4c9cc02d1c) Importer(815301076,1909f56bfc062723c751e8b465ee728b)  -> (artifact id: 'ed1dd300e02a1233896e4523e513d905') in 0.059692 seconds 
========================================================================
Received Import Request.
  Time since last request: 243.568721 seconds.
  path: Assets/Mixamo/Ch02_nonPBR.fbx
  artifactKey: Guid(b6191c2ed93c41d49ba19c4c9cc02d1c) Importer(815301076,1909f56bfc062723c751e8b465ee728b)
Start importing Assets/Mixamo/Ch02_nonPBR.fbx using Guid(b6191c2ed93c41d49ba19c4c9cc02d1c) Importer(815301076,1909f56bfc062723c751e8b465ee728b)  -> (artifact id: 'ef30f68516df06fea568b67ef3e9dee5') in 0.060251 seconds 
========================================================================
Received Import Request.
  Time since last request: 267.096586 seconds.
  path: Assets/Helicopter/Helicopter.fbx
  artifactKey: Guid(e731a1ac8914e2548ae80adaba4759b1) Importer(815301076,1909f56bfc062723c751e8b465ee728b)
Start importing Assets/Helicopter/Helicopter.fbx using Guid(e731a1ac8914e2548ae80adaba4759b1) Importer(815301076,1909f56bfc062723c751e8b465ee728b)  -> (artifact id: '04d92cb28a477399d8bd6bb361ec7c43') in 0.094919 seconds 
========================================================================
Received Import Request.
  Time since last request: 12.731625 seconds.
  path: Assets/Helicopter/Fly.controller
  artifactKey: Guid(701a49cf4af894e4ea2290853532a540) Importer(815301076,1909f56bfc062723c751e8b465ee728b)
Start importing Assets/Helicopter/Fly.controller using Guid(701a49cf4af894e4ea2290853532a540) Importer(815301076,1909f56bfc062723c751e8b465ee728b)  -> (artifact id: '1813f96a8d99d2532da530b367fae72d') in 0.010765 seconds 
========================================================================
Received Prepare
Registering precompiled user dll's ...
Registered in 0.007682 seconds.
Begin MonoManager ReloadAssembly
Symbol file LoadedFromMemory doesn't match image C:\Users\arvau\Desktop\Prometheus Project\Prometheus_Project\Library\PackageCache\com.unity.visualscripting@1.7.8\Editor\VisualScripting.Core\Dependencies\YamlDotNet\Unity.VisualScripting.YamlDotNet.dll
Symbol file LoadedFromMemory doesn't match image C:\Users\arvau\Desktop\Prometheus Project\Prometheus_Project\Library\PackageCache\com.unity.visualscripting@1.7.8\Editor\VisualScripting.Core\Dependencies\DotNetZip\Unity.VisualScripting.IonicZip.dll
Native extension for WindowsStandalone target not found
Native extension for Android target not found
Refreshing native plugins compatible for Editor in 0.69 ms, found 3 plugins.
Preloading 0 native plugins for Editor in 0.00 ms.
Mono: successfully reloaded assembly
- Completed reload, in  1.027 seconds
Domain Reload Profiling:
	ReloadAssembly (1027ms)
		BeginReloadAssembly (142ms)
			ExecutionOrderSort (0ms)
			DisableScriptedObjects (4ms)
			BackupInstance (0ms)
			ReleaseScriptingObjects (0ms)
			CreateAndSetChildDomain (38ms)
		EndReloadAssembly (789ms)
			LoadAssemblies (93ms)
			RebuildTransferFunctionScriptingTraits (0ms)
			SetupTypeCache (263ms)
			ReleaseScriptCaches (1ms)
			RebuildScriptCaches (41ms)
			SetupLoadedEditorAssemblies (355ms)
				LogAssemblyErrors (0ms)
				InitializePlatformSupportModulesInManaged (23ms)
				SetLoadedEditorAssemblies (0ms)
				RefreshPlugins (1ms)
				BeforeProcessingInitializeOnLoad (75ms)
				ProcessInitializeOnLoadAttributes (211ms)
				ProcessInitializeOnLoadMethodAttributes (30ms)
				AfterProcessingInitializeOnLoad (14ms)
				EditorAssembliesLoaded (0ms)
			ExecutionOrderSort2 (0ms)
			AwakeInstancesAfterBackupRestoration (12ms)
Platform modules already initialized, skipping
Refreshing native plugins compatible for Editor in 2.23 ms, found 3 plugins.
Preloading 0 native plugins for Editor in 0.00 ms.
Unloading 3545 Unused Serialized files (Serialized files now loaded: 0)
Unloading 19 unused Assets / (95.3 KB). Loaded Objects now: 4090.
Memory consumption went from 143.6 MB to 143.5 MB.
Total: 2.883900 ms (FindLiveObjects: 0.265300 ms CreateObjectMapping: 0.182400 ms MarkObjects: 2.388000 ms  DeleteObjects: 0.047400 ms)

AssetImportParameters requested are different than current active one (requested -> active):
  custom:video-decoder-ogg-theora: a1e56fd34408186e4bbccfd4996cb3dc -> 
  custom:container-muxer-webm: aa71ff27fc2769a1b78a27578f13a17b -> 
  custom:container-demuxer-webm: 4f35f7cbe854078d1ac9338744f61a02 -> 
  custom:video-encoder-webm-vp8: eb34c28f22e8b96e1ab97ce403110664 -> 
  custom:audio-encoder-webm-vorbis: bf7c407c2cedff20999df2af8eb42d56 -> 
  custom:framework-win-MediaFoundation: 216162199b28c13a410421893ffa2e32 -> 
  custom:container-demuxer-ogg: 62fdf1f143b41e24485cea50d1cbac27 -> 
  custom:video-decoder-webm-vp8: 9c59270c3fd7afecdb556c50c9e8de78 -> 
  custom:audio-decoder-ogg-vorbis: bf7c407c2cedff20999df2af8eb42d56 -> 
========================================================================
Received Import Request.
  Time since last request: 20.760601 seconds.
  path: Assets/Simple Vehicle Pack/Demo_scene.unity
  artifactKey: Guid(506b4ac321e63974fafc66c23659ffe6) Importer(815301076,1909f56bfc062723c751e8b465ee728b)
Start importing Assets/Simple Vehicle Pack/Demo_scene.unity using Guid(506b4ac321e63974fafc66c23659ffe6) Importer(815301076,1909f56bfc062723c751e8b465ee728b)  -> (artifact id: '53035121e57c58204f36071ea6454347') in 0.010011 seconds 
