Using pre-set license
Built from '2021.3/staging' branch; Version is '2021.3.13f1 (9e7d58001ecf) revision 10386776'; Using compiler version '192829333'; Build Type 'Release'
OS: 'Windows 10  (10.0.19045) 64bit Core' Language: 'pl' Physical Memory: 16293 MB
BatchMode: 1, IsHumanControllingUs: 0, StartBugReporterOnCrash: 0, Is64bit: 1, IsPro: 1

COMMAND LINE ARGUMENTS:
C:\Program Files\Unity\Hub\Editor\2021.3.13f1\Editor\Unity.exe
-adb2
-batchMode
-noUpm
-name
AssetImportWorker0
-projectPath
D:/Kingston/Year 3/Narrative/Prometheus_Project
-logFile
Logs/AssetImportWorker0.log
-srvPort
50142
Successfully changed project path to: D:/Kingston/Year 3/Narrative/Prometheus_Project
D:/Kingston/Year 3/Narrative/Prometheus_Project
[UnityMemory] Configuration Parameters - Can be set up in boot.config
    "memorysetup-bucket-allocator-granularity=16"
    "memorysetup-bucket-allocator-bucket-count=8"
    "memorysetup-bucket-allocator-block-size=33554432"
    "memorysetup-bucket-allocator-block-count=8"
    "memorysetup-main-allocator-block-size=16777216"
    "memorysetup-thread-allocator-block-size=16777216"
    "memorysetup-gfx-main-allocator-block-size=16777216"
    "memorysetup-gfx-thread-allocator-block-size=16777216"
    "memorysetup-cache-allocator-block-size=4194304"
    "memorysetup-typetree-allocator-block-size=2097152"
    "memorysetup-profiler-bucket-allocator-granularity=16"
    "memorysetup-profiler-bucket-allocator-bucket-count=8"
    "memorysetup-profiler-bucket-allocator-block-size=33554432"
    "memorysetup-profiler-bucket-allocator-block-count=8"
    "memorysetup-profiler-allocator-block-size=16777216"
    "memorysetup-profiler-editor-allocator-block-size=1048576"
    "memorysetup-temp-allocator-size-main=16777216"
    "memorysetup-job-temp-allocator-block-size=2097152"
    "memorysetup-job-temp-allocator-block-size-background=1048576"
    "memorysetup-job-temp-allocator-reduction-small-platforms=262144"
    "memorysetup-temp-allocator-size-background-worker=32768"
    "memorysetup-temp-allocator-size-job-worker=262144"
    "memorysetup-temp-allocator-size-preload-manager=33554432"
    "memorysetup-temp-allocator-size-nav-mesh-worker=65536"
    "memorysetup-temp-allocator-size-audio-worker=65536"
    "memorysetup-temp-allocator-size-cloud-worker=32768"
    "memorysetup-temp-allocator-size-gi-baking-worker=262144"
    "memorysetup-temp-allocator-size-gfx=262144"
Refreshing native plugins compatible for Editor in 82.77 ms, found 3 plugins.
Preloading 0 native plugins for Editor in 0.00 ms.
Initialize engine version: 2021.3.13f1 (9e7d58001ecf)
[Subsystems] Discovering subsystems at path C:/Program Files/Unity/Hub/Editor/2021.3.13f1/Editor/Data/Resources/UnitySubsystems
[Subsystems] Discovering subsystems at path D:/Kingston/Year 3/Narrative/Prometheus_Project/Assets
GfxDevice: creating device client; threaded=0; jobified=0
Direct3D:
    Version:  Direct3D 11.0 [level 11.1]
    Renderer: NVIDIA GeForce RTX 3070 (ID=0x2484)
    Vendor:   NVIDIA
    VRAM:     8031 MB
    Driver:   31.0.15.3129
Initialize mono
Mono path[0] = 'C:/Program Files/Unity/Hub/Editor/2021.3.13f1/Editor/Data/Managed'
Mono path[1] = 'C:/Program Files/Unity/Hub/Editor/2021.3.13f1/Editor/Data/MonoBleedingEdge/lib/mono/unityjit-win32'
Mono config path = 'C:/Program Files/Unity/Hub/Editor/2021.3.13f1/Editor/Data/MonoBleedingEdge/etc'
Using monoOptions --debugger-agent=transport=dt_socket,embedding=1,server=y,suspend=n,address=127.0.0.1:56540
Begin MonoManager ReloadAssembly
Registering precompiled unity dll's ...
Register platform support module: C:/Program Files/Unity/Hub/Editor/2021.3.13f1/Editor/Data/PlaybackEngines/WindowsStandaloneSupport/UnityEditor.WindowsStandalone.Extensions.dll
Registered in 0.007599 seconds.
Native extension for WindowsStandalone target not found
Refreshing native plugins compatible for Editor in 106.57 ms, found 3 plugins.
Preloading 0 native plugins for Editor in 0.00 ms.
Mono: successfully reloaded assembly
- Completed reload, in  0.619 seconds
Domain Reload Profiling:
	ReloadAssembly (620ms)
		BeginReloadAssembly (65ms)
			ExecutionOrderSort (0ms)
			DisableScriptedObjects (0ms)
			BackupInstance (0ms)
			ReleaseScriptingObjects (0ms)
			CreateAndSetChildDomain (1ms)
		EndReloadAssembly (451ms)
			LoadAssemblies (62ms)
			RebuildTransferFunctionScriptingTraits (0ms)
			SetupTypeCache (95ms)
			ReleaseScriptCaches (0ms)
			RebuildScriptCaches (23ms)
			SetupLoadedEditorAssemblies (287ms)
				LogAssemblyErrors (0ms)
				InitializePlatformSupportModulesInManaged (7ms)
				SetLoadedEditorAssemblies (0ms)
				RefreshPlugins (107ms)
				BeforeProcessingInitializeOnLoad (1ms)
				ProcessInitializeOnLoadAttributes (128ms)
				ProcessInitializeOnLoadMethodAttributes (45ms)
				AfterProcessingInitializeOnLoad (0ms)
				EditorAssembliesLoaded (0ms)
			ExecutionOrderSort2 (0ms)
			AwakeInstancesAfterBackupRestoration (0ms)
Platform modules already initialized, skipping
Registering precompiled user dll's ...
Registered in 0.004299 seconds.
Begin MonoManager ReloadAssembly
Symbol file LoadedFromMemory doesn't match image D:\Kingston\Year 3\Narrative\Prometheus_Project\Library\PackageCache\com.unity.visualscripting@1.7.8\Editor\VisualScripting.Core\Dependencies\YamlDotNet\Unity.VisualScripting.YamlDotNet.dll
Symbol file LoadedFromMemory doesn't match image D:\Kingston\Year 3\Narrative\Prometheus_Project\Library\PackageCache\com.unity.visualscripting@1.7.8\Editor\VisualScripting.Core\Dependencies\DotNetZip\Unity.VisualScripting.IonicZip.dll
Native extension for WindowsStandalone target not found
Refreshing native plugins compatible for Editor in 0.60 ms, found 3 plugins.
Preloading 0 native plugins for Editor in 0.00 ms.
Mono: successfully reloaded assembly
- Completed reload, in  1.029 seconds
Domain Reload Profiling:
	ReloadAssembly (1030ms)
		BeginReloadAssembly (106ms)
			ExecutionOrderSort (0ms)
			DisableScriptedObjects (6ms)
			BackupInstance (0ms)
			ReleaseScriptingObjects (0ms)
			CreateAndSetChildDomain (21ms)
		EndReloadAssembly (810ms)
			LoadAssemblies (82ms)
			RebuildTransferFunctionScriptingTraits (0ms)
			SetupTypeCache (246ms)
			ReleaseScriptCaches (1ms)
			RebuildScriptCaches (55ms)
			SetupLoadedEditorAssemblies (397ms)
				LogAssemblyErrors (0ms)
				InitializePlatformSupportModulesInManaged (5ms)
				SetLoadedEditorAssemblies (0ms)
				RefreshPlugins (1ms)
				BeforeProcessingInitializeOnLoad (80ms)
				ProcessInitializeOnLoadAttributes (272ms)
				ProcessInitializeOnLoadMethodAttributes (30ms)
				AfterProcessingInitializeOnLoad (8ms)
				EditorAssembliesLoaded (0ms)
			ExecutionOrderSort2 (0ms)
			AwakeInstancesAfterBackupRestoration (5ms)
Platform modules already initialized, skipping
========================================================================
Worker process is ready to serve import requests
Launched and connected shader compiler UnityShaderCompiler.exe after 0.03 seconds
Refreshing native plugins compatible for Editor in 1.37 ms, found 3 plugins.
Preloading 0 native plugins for Editor in 0.00 ms.
Unloading 3566 Unused Serialized files (Serialized files now loaded: 0)
Unloading 38 unused Assets / (130.0 KB). Loaded Objects now: 4033.
Memory consumption went from 128.9 MB to 128.7 MB.
Total: 4.764200 ms (FindLiveObjects: 0.507700 ms CreateObjectMapping: 0.468900 ms MarkObjects: 3.667600 ms  DeleteObjects: 0.118200 ms)

AssetImportParameters requested are different than current active one (requested -> active):
  custom:video-decoder-ogg-theora: a1e56fd34408186e4bbccfd4996cb3dc -> 
  custom:container-muxer-webm: aa71ff27fc2769a1b78a27578f13a17b -> 
  custom:container-demuxer-webm: 4f35f7cbe854078d1ac9338744f61a02 -> 
  custom:video-encoder-webm-vp8: eb34c28f22e8b96e1ab97ce403110664 -> 
  custom:audio-encoder-webm-vorbis: bf7c407c2cedff20999df2af8eb42d56 -> 
  custom:framework-win-MediaFoundation: 216162199b28c13a410421893ffa2e32 -> 
  custom:container-demuxer-ogg: 62fdf1f143b41e24485cea50d1cbac27 -> 
  custom:video-decoder-webm-vp8: 9c59270c3fd7afecdb556c50c9e8de78 -> 
  custom:audio-decoder-ogg-vorbis: bf7c407c2cedff20999df2af8eb42d56 -> 
========================================================================
Received Import Request.
  Time since last request: 44343.004405 seconds.
  path: Assets/AC Little Enchant Mesh VFX/Prefabs/Dark Lvl 2.prefab
  artifactKey: Guid(3ad6581d9e6a10e4987680f1483aab44) Importer(815301076,1909f56bfc062723c751e8b465ee728b)
Start importing Assets/AC Little Enchant Mesh VFX/Prefabs/Dark Lvl 2.prefab using Guid(3ad6581d9e6a10e4987680f1483aab44) Importer(815301076,1909f56bfc062723c751e8b465ee728b)  -> (artifact id: 'ec12b4c1ebbaaf8f53a34f404957c662') in 0.135026 seconds 
========================================================================
Received Import Request.
  Time since last request: 0.000020 seconds.
  path: Assets/AC Little Enchant Mesh VFX/Prefabs/Water Lvl 1.prefab
  artifactKey: Guid(759bfca43593c9441a71b1ca251a9bbb) Importer(815301076,1909f56bfc062723c751e8b465ee728b)
Start importing Assets/AC Little Enchant Mesh VFX/Prefabs/Water Lvl 1.prefab using Guid(759bfca43593c9441a71b1ca251a9bbb) Importer(815301076,1909f56bfc062723c751e8b465ee728b)  -> (artifact id: '3e483c5bc783c66991c84120445a2ea4') in 0.016847 seconds 
========================================================================
Received Import Request.
  Time since last request: 0.000019 seconds.
  path: Assets/AC Little Enchant Mesh VFX/Prefabs/Dark Lvl 3.prefab
  artifactKey: Guid(158e426725463794cae0a836b2491d0b) Importer(815301076,1909f56bfc062723c751e8b465ee728b)
Start importing Assets/AC Little Enchant Mesh VFX/Prefabs/Dark Lvl 3.prefab using Guid(158e426725463794cae0a836b2491d0b) Importer(815301076,1909f56bfc062723c751e8b465ee728b)  -> (artifact id: '54903592cbbdb72ac6103a869158b893') in 0.015108 seconds 
========================================================================
Received Import Request.
  Time since last request: 0.000020 seconds.
  path: Assets/AC Little Enchant Mesh VFX/Prefabs/Water Lvl 2.prefab
  artifactKey: Guid(df9d36bee28994a438f2a9236733c869) Importer(815301076,1909f56bfc062723c751e8b465ee728b)
Start importing Assets/AC Little Enchant Mesh VFX/Prefabs/Water Lvl 2.prefab using Guid(df9d36bee28994a438f2a9236733c869) Importer(815301076,1909f56bfc062723c751e8b465ee728b)  -> (artifact id: '3b81ad11e67d73818aa528166e0d43e1') in 0.016407 seconds 
========================================================================
Received Import Request.
  Time since last request: 26.110769 seconds.
  path: Assets/AC Little Enchant Mesh VFX/Materials/Fireflies.mat
  artifactKey: Guid(7df408410762f5c4f8472c19674bcd69) Importer(815301076,1909f56bfc062723c751e8b465ee728b)
Start importing Assets/AC Little Enchant Mesh VFX/Materials/Fireflies.mat using Guid(7df408410762f5c4f8472c19674bcd69) Importer(815301076,1909f56bfc062723c751e8b465ee728b)  -> (artifact id: '001e904f189113137dff088aa589e346') in 0.027630 seconds 
========================================================================
Received Import Request.
  Time since last request: 0.000015 seconds.
  path: Assets/AC Little Enchant Mesh VFX/Materials/WaterSplash.mat
  artifactKey: Guid(94e62334afe5aee44aa401fde6b60e3b) Importer(815301076,1909f56bfc062723c751e8b465ee728b)
Start importing Assets/AC Little Enchant Mesh VFX/Materials/WaterSplash.mat using Guid(94e62334afe5aee44aa401fde6b60e3b) Importer(815301076,1909f56bfc062723c751e8b465ee728b)  -> (artifact id: '8a0fc84713679f18f97ec23b1fb03761') in 0.009820 seconds 
========================================================================
Received Import Request.
  Time since last request: 0.000022 seconds.
  path: Assets/AC Little Enchant Mesh VFX/Materials/Snow.mat
  artifactKey: Guid(b5366c3393a75ee4ea099c0a255205d2) Importer(815301076,1909f56bfc062723c751e8b465ee728b)
Start importing Assets/AC Little Enchant Mesh VFX/Materials/Snow.mat using Guid(b5366c3393a75ee4ea099c0a255205d2) Importer(815301076,1909f56bfc062723c751e8b465ee728b)  -> (artifact id: '3ebccc339e429e273fb1dade7af03d38') in 0.021121 seconds 
========================================================================
Received Import Request.
  Time since last request: 129.809780 seconds.
  path: Assets/AC Little Enchant Mesh VFX/Prefabs/Fire Lvl 3.prefab
  artifactKey: Guid(762b005ed2b0413448c626693b15e6c0) Importer(815301076,1909f56bfc062723c751e8b465ee728b)
Start importing Assets/AC Little Enchant Mesh VFX/Prefabs/Fire Lvl 3.prefab using Guid(762b005ed2b0413448c626693b15e6c0) Importer(815301076,1909f56bfc062723c751e8b465ee728b)  -> (artifact id: 'f3cf868e95ecbf791384134fc75e1370') in 0.008616 seconds 
========================================================================
Received Import Request.
  Time since last request: 0.000024 seconds.
  path: Assets/AC Little Enchant Mesh VFX/Prefabs/Ice Lvl 2.prefab
  artifactKey: Guid(c0eccf4ccca724d4a97ee43eb02c62da) Importer(815301076,1909f56bfc062723c751e8b465ee728b)
Start importing Assets/AC Little Enchant Mesh VFX/Prefabs/Ice Lvl 2.prefab using Guid(c0eccf4ccca724d4a97ee43eb02c62da) Importer(815301076,1909f56bfc062723c751e8b465ee728b)  -> (artifact id: '6aad94a18ffea08dc3c87237c184fcf4') in 0.010513 seconds 
========================================================================
Received Import Request.
  Time since last request: 0.000030 seconds.
  path: Assets/AC Little Enchant Mesh VFX/Prefabs/Nature Lvl 2.prefab
  artifactKey: Guid(466525a5a36ecf340b8e919ea52848fe) Importer(815301076,1909f56bfc062723c751e8b465ee728b)
Start importing Assets/AC Little Enchant Mesh VFX/Prefabs/Nature Lvl 2.prefab using Guid(466525a5a36ecf340b8e919ea52848fe) Importer(815301076,1909f56bfc062723c751e8b465ee728b)  -> (artifact id: 'ede49823f3c93aa6321519391c5d08ea') in 0.010067 seconds 
========================================================================
Received Import Request.
  Time since last request: 0.000016 seconds.
  path: Assets/AC Little Enchant Mesh VFX/Prefabs/Nature Lvl 3.prefab
  artifactKey: Guid(fe28e6b1fca4d6e478a284b8b2eb35dd) Importer(815301076,1909f56bfc062723c751e8b465ee728b)
Start importing Assets/AC Little Enchant Mesh VFX/Prefabs/Nature Lvl 3.prefab using Guid(fe28e6b1fca4d6e478a284b8b2eb35dd) Importer(815301076,1909f56bfc062723c751e8b465ee728b)  -> (artifact id: '4e39c0cd1c5693c8340d2246d5af65f9') in 0.011522 seconds 
